[debug] [2021-09-25T03:39:03.624Z] ----------------------------------------------------------------------
[debug] [2021-09-25T03:39:03.629Z] Command:       C:\Program Files\nodejs\node.exe C:\Users\pablo\AppData\Roaming\npm\node_modules\firebase-tools\lib\bin\firebase.js init
[debug] [2021-09-25T03:39:03.630Z] CLI Version:   9.18.0
[debug] [2021-09-25T03:39:03.630Z] Platform:      win32
[debug] [2021-09-25T03:39:03.631Z] Node Version:  v14.17.6
[debug] [2021-09-25T03:39:03.638Z] Time:          Fri Sep 24 2021 22:39:03 GMT-0500 (hora de verano central)
[debug] [2021-09-25T03:39:03.639Z] ----------------------------------------------------------------------
[debug] 
[debug] [2021-09-25T03:39:03.835Z] > command requires scopes: ["email","openid","https://www.googleapis.com/auth/cloudplatformprojects.readonly","https://www.googleapis.com/auth/firebase","https://www.googleapis.com/auth/cloud-platform"]
[debug] [2021-09-25T03:39:03.837Z] > authorizing via signed-in user (pablo.rubio.bailon@gmail.com)
[info] 
     ######## #### ########  ######## ########     ###     ######  ########
     ##        ##  ##     ## ##       ##     ##  ##   ##  ##       ##
     ######    ##  ########  ######   ########  #########  ######  ######
     ##        ##  ##    ##  ##       ##     ## ##     ##       ## ##
     ##       #### ##     ## ######## ########  ##     ##  ######  ########

You're about to initialize a Firebase project in this directory:

  C:\Users\pablo\Desktop\Backup\5toSemestre\Cursos\e-commerce

Before we get started, keep in mind:

  * You are initializing within an existing Firebase project directory

